<?xml version="1.0" encoding="UTF-8"?>
<!-- Generated by org.testng.reporters.JUnitXMLReporter -->
<testsuite ignored="0" hostname="Kalyanis-MacBook-Air.local" failures="1" tests="17" name="Test" time="51.762" errors="0" timestamp="2024-04-21T09:42:36 IST">
  <testcase classname="test.ModalDialogsTest" name="verifyLargeModalTest" time="1.151"/>
  <testcase classname="test.ModalDialogsTest" name="verifySmallModalTest" time="0.7"/>
  <testcase classname="test.AlertPageTest" name="verifyConfirmationAlertTest" time="0.9"/>
  <testcase classname="test.AlertPageTest" name="verifyDelayedAlertTest" time="5.459"/>
  <testcase classname="test.AlertPageTest" name="verifyHelloWorldAlertTest" time="0.502"/>
  <testcase classname="test.AlertPageTest" name="verifyInputAlertTest" time="0.453"/>
  <testcase classname="test.LoginTest" name="LoginTest" time="1.108"/>
  <testcase classname="test.LoginTest" name="verifyNewUserBtnTest" time="1.003"/>
  <testcase classname="test.PracticeFormTest" name="studentRegistrationFormTest" time="0.369"/>
  <testcase classname="test.PracticeFormTest" name="verifyLoginBtnTest" time="0.014">
    <failure type="java.lang.AssertionError" message="expected:&amp;lt;false&amp;gt; but was:&amp;lt;true&amp;gt;">
      <![CDATA[java.lang.AssertionError: expected:<false> but was:<true>
at test.PracticeFormTest.verifyLoginBtnTest(PracticeFormTest.java:39)
at java.base/java.util.ArrayList.forEach(ArrayList.java:1511)
... Removed 32 stack frames]]>
    </failure>
  </testcase> <!-- verifyLoginBtnTest -->
  <testcase classname="test.BrowserWindowTest" name="VerifyNewWindowBtnTest" time="1.499"/>
  <testcase classname="test.BrowserWindowTest" name="verifyNewTabBtnTest" time="1.137"/>
  <testcase classname="test.BrowserWindowTest" name="verifyNewWinMessageBtnTest" time="0.941"/>
  <testcase classname="test.RegisterTest" name="registerFormTest" time="0.706"/>
  <testcase classname="test.RegisterTest" name="verifyBackToLoginBtnTest" time="0.605"/>
  <testcase classname="test.FramesTest" name="verifyIFrame1Test" time="1.257"/>
  <testcase classname="test.FramesTest" name="verifyIFrame2Test" time="0.629"/>
</testsuite> <!-- Test -->
