<?xml version="1.0" encoding="UTF-8"?>
<testng-results ignored="0" total="2" passed="2" failed="0" skipped="0">
  <reporter-output>
  </reporter-output>
  <suite started-at="2024-04-20T22:46:04 IST" name="Default suite" finished-at="2024-04-20T22:46:11 IST" duration-ms="7629">
    <groups>
    </groups>
    <test started-at="2024-04-20T22:46:04 IST" name="Default test" finished-at="2024-04-20T22:46:11 IST" duration-ms="7629">
      <class name="test.ModalDialogsTest">
        <test-method is-config="true" signature="setup()[pri:0, instance:test.ModalDialogsTest@29626d54]" started-at="2024-04-20T22:46:04 IST" name="setup" finished-at="2024-04-20T22:46:06 IST" duration-ms="2747" status="PASS">
          <reporter-output>
          </reporter-output>
        </test-method> <!-- setup -->
        <test-method signature="verifyLargeModalTest()[pri:0, instance:test.ModalDialogsTest@29626d54]" started-at="2024-04-20T22:46:06 IST" name="verifyLargeModalTest" finished-at="2024-04-20T22:46:08 IST" duration-ms="1172" status="PASS">
          <reporter-output>
          </reporter-output>
        </test-method> <!-- verifyLargeModalTest -->
        <test-method is-config="true" signature="closeBrowser(org.testng.ITestResult)[pri:0, instance:test.ModalDialogsTest@29626d54]" started-at="2024-04-20T22:46:08 IST" name="closeBrowser" finished-at="2024-04-20T22:46:08 IST" duration-ms="93" status="PASS">
          <params>
            <param index="0">
              <value>
                <![CDATA[[TestResult name=verifyLargeModalTest status=SUCCESS method=ModalDialogsTest.verifyLargeModalTest()[pri:0, instance:test.ModalDialogsTest@29626d54] output={null}]]]>
              </value>
            </param>
          </params>
          <reporter-output>
          </reporter-output>
        </test-method> <!-- closeBrowser -->
        <test-method is-config="true" signature="setup()[pri:0, instance:test.ModalDialogsTest@29626d54]" started-at="2024-04-20T22:46:08 IST" name="setup" finished-at="2024-04-20T22:46:10 IST" duration-ms="2738" status="PASS">
          <reporter-output>
          </reporter-output>
        </test-method> <!-- setup -->
        <test-method signature="verifySmallModalTest()[pri:0, instance:test.ModalDialogsTest@29626d54]" started-at="2024-04-20T22:46:10 IST" name="verifySmallModalTest" finished-at="2024-04-20T22:46:11 IST" duration-ms="766" status="PASS">
          <reporter-output>
          </reporter-output>
        </test-method> <!-- verifySmallModalTest -->
        <test-method is-config="true" signature="closeBrowser(org.testng.ITestResult)[pri:0, instance:test.ModalDialogsTest@29626d54]" started-at="2024-04-20T22:46:11 IST" name="closeBrowser" finished-at="2024-04-20T22:46:11 IST" duration-ms="89" status="PASS">
          <params>
            <param index="0">
              <value>
                <![CDATA[[TestResult name=verifySmallModalTest status=SUCCESS method=ModalDialogsTest.verifySmallModalTest()[pri:0, instance:test.ModalDialogsTest@29626d54] output={null}]]]>
              </value>
            </param>
          </params>
          <reporter-output>
          </reporter-output>
        </test-method> <!-- closeBrowser -->
      </class> <!-- test.ModalDialogsTest -->
    </test> <!-- Default test -->
  </suite> <!-- Default suite -->
</testng-results>
