<?xml version="1.0" encoding="UTF-8"?>
<testng-results ignored="0" total="1" passed="1" failed="0" skipped="0">
  <reporter-output>
  </reporter-output>
  <suite started-at="2024-04-21T14:21:17 IST" name="Default suite" finished-at="2024-04-21T14:21:21 IST" duration-ms="3970">
    <groups>
    </groups>
    <test started-at="2024-04-21T14:21:17 IST" name="Default test" finished-at="2024-04-21T14:21:21 IST" duration-ms="3970">
      <class name="test.NestedFramesTest">
        <test-method is-config="true" signature="setup()[pri:0, instance:test.NestedFramesTest@e056f20]" started-at="2024-04-21T14:21:17 IST" name="setup" finished-at="2024-04-21T14:21:19 IST" duration-ms="2246" status="PASS">
          <reporter-output>
          </reporter-output>
        </test-method> <!-- setup -->
        <test-method signature="verifyIFrameTextTest()[pri:0, instance:test.NestedFramesTest@e056f20]" started-at="2024-04-21T14:21:19 IST" name="verifyIFrameTextTest" finished-at="2024-04-21T14:21:21 IST" duration-ms="1618" status="PASS">
          <reporter-output>
          </reporter-output>
        </test-method> <!-- verifyIFrameTextTest -->
        <test-method is-config="true" signature="closeBrowser(org.testng.ITestResult)[pri:0, instance:test.NestedFramesTest@e056f20]" started-at="2024-04-21T14:21:21 IST" name="closeBrowser" finished-at="2024-04-21T14:21:21 IST" duration-ms="89" status="PASS">
          <params>
            <param index="0">
              <value>
                <![CDATA[[TestResult name=verifyIFrameTextTest status=SUCCESS method=NestedFramesTest.verifyIFrameTextTest()[pri:0, instance:test.NestedFramesTest@e056f20] output={null}]]]>
              </value>
            </param>
          </params>
          <reporter-output>
          </reporter-output>
        </test-method> <!-- closeBrowser -->
      </class> <!-- test.NestedFramesTest -->
    </test> <!-- Default test -->
  </suite> <!-- Default suite -->
</testng-results>
